<?xml version="1.0" encoding="UTF-8" ?>
<testsuite errors="4" failures="0" hostname="JRay6400x64v" name="gov.hhs.fha.nhinc.common.connectionmanager.dao.AssigningAuthorityHomeCommunityDAOTest" tests="4" time="0.094" timestamp="2009-10-21T18:38:32">
  <properties>
[...]
</properties>
  <testcase classname="gov.hhs.fha.nhinc.common.connectionmanager.dao.AssigningAuthorityHomeCommunityDAOTest" name="testStoreMapping" time="0.0">
    <error message="org/hibernate/Session" type="java.lang.NoClassDefFoundError">java.lang.NoClassDefFoundError: org/hibernate/Session
	at gov.hhs.fha.nhinc.common.connectionmanager.dao.AssigningAuthorityHomeCommunityDAOTest.testStoreMapping(AssigningAuthorityHomeCommunityDAOTest.java:42)
Caused by: java.lang.ClassNotFoundException: org.hibernate.Session
	at java.net.URLClassLoader$1.run(URLClassLoader.java:200)
	at java.security.AccessController.doPrivileged(Native Method)
	at java.net.URLClassLoader.findClass(URLClassLoader.java:188)
	at java.lang.ClassLoader.loadClass(ClassLoader.java:307)
	at sun.misc.Launcher$AppClassLoader.loadClass(Launcher.java:301)
	at java.lang.ClassLoader.loadClass(ClassLoader.java:252)
	at java.lang.ClassLoader.loadClassInternal(ClassLoader.java:320)
</error>
  </testcase>
  <testcase classname="gov.hhs.fha.nhinc.common.connectionmanager.dao.AssigningAuthorityHomeCommunityDAOTest" name="testGetHomeCommunity" time="0.0">
    <error message="org/hibernate/Session" type="java.lang.NoClassDefFoundError">java.lang.NoClassDefFoundError: org/hibernate/Session
	at gov.hhs.fha.nhinc.common.connectionmanager.dao.AssigningAuthorityHomeCommunityDAOTest.testGetHomeCommunity(AssigningAuthorityHomeCommunityDAOTest.java:48)
Caused by: java.lang.ClassNotFoundException: org.hibernate.Session
	at java.net.URLClassLoader$1.run(URLClassLoader.java:200)
	at java.security.AccessController.doPrivileged(Native Method)
	at java.net.URLClassLoader.findClass(URLClassLoader.java:188)
	at java.lang.ClassLoader.loadClass(ClassLoader.java:307)
	at sun.misc.Launcher$AppClassLoader.loadClass(Launcher.java:301)
	at java.lang.ClassLoader.loadClass(ClassLoader.java:252)
	at java.lang.ClassLoader.loadClassInternal(ClassLoader.java:320)
</error>
  </testcase>
  <testcase classname="gov.hhs.fha.nhinc.common.connectionmanager.dao.AssigningAuthorityHomeCommunityDAOTest" name="testGetAssigningAuthority" time="0.0">
    <error message="org/hibernate/Session" type="java.lang.NoClassDefFoundError">java.lang.NoClassDefFoundError: org/hibernate/Session
	at gov.hhs.fha.nhinc.common.connectionmanager.dao.AssigningAuthorityHomeCommunityDAOTest.testGetAssigningAuthority(AssigningAuthorityHomeCommunityDAOTest.java:54)
Caused by: java.lang.ClassNotFoundException: org.hibernate.Session
	at java.net.URLClassLoader$1.run(URLClassLoader.java:200)
	at java.security.AccessController.doPrivileged(Native Method)
	at java.net.URLClassLoader.findClass(URLClassLoader.java:188)
	at java.lang.ClassLoader.loadClass(ClassLoader.java:307)
	at sun.misc.Launcher$AppClassLoader.loadClass(Launcher.java:301)
	at java.lang.ClassLoader.loadClass(ClassLoader.java:252)
	at java.lang.ClassLoader.loadClassInternal(ClassLoader.java:320)
</error>
  </testcase>
  <testcase classname="gov.hhs.fha.nhinc.common.connectionmanager.dao.AssigningAuthorityHomeCommunityDAOTest" name="testGetAssigningAuthoritiesByHomeCommunity" time="0.0">
    <error message="org/hibernate/Session" type="java.lang.NoClassDefFoundError">java.lang.NoClassDefFoundError: org/hibernate/Session
	at gov.hhs.fha.nhinc.common.connectionmanager.dao.AssigningAuthorityHomeCommunityDAOTest.testGetAssigningAuthoritiesByHomeCommunity(AssigningAuthorityHomeCommunityDAOTest.java:61)
Caused by: java.lang.ClassNotFoundException: org.hibernate.Session
	at java.net.URLClassLoader$1.run(URLClassLoader.java:200)
	at java.security.AccessController.doPrivileged(Native Method)
	at java.net.URLClassLoader.findClass(URLClassLoader.java:188)
	at java.lang.ClassLoader.loadClass(ClassLoader.java:307)
	at sun.misc.Launcher$AppClassLoader.loadClass(Launcher.java:301)
	at java.lang.ClassLoader.loadClass(ClassLoader.java:252)
	at java.lang.ClassLoader.loadClassInternal(ClassLoader.java:320)
</error>
  </testcase>
  <system-out><![CDATA[]]></system-out>
  <system-err><![CDATA[]]></system-err>
</testsuite>
