<?xml version="1.0" encoding="UTF-8" ?>
<testsuite errors="0" failures="0" hostname="LWestbergD630V" name="gov.hhs.fha.nhinc.policyengine.adapterpip.AdapterPIPImplTest" tests="3" time="159.656" timestamp="2009-05-21T19:02:35">
  <properties>
[...]
</properties>
  <testcase classname="gov.hhs.fha.nhinc.policyengine.adapterpip.AdapterPIPImplTest" name="testRetrievePtConsentByPtId" time="156.111" />
  <testcase classname="gov.hhs.fha.nhinc.policyengine.adapterpip.AdapterPIPImplTest" name="testRetrievePtConsentByPtDocId" time="0.0010" />
  <testcase classname="gov.hhs.fha.nhinc.policyengine.adapterpip.AdapterPIPImplTest" name="testStorePtConsent" time="3.44" />
  <system-out><![CDATA[Begin retrievePtConsentByPtId
[21/13:03:41:636] INFO   Environment           Hibernate 3.2.5
[21/13:03:41:655] INFO   Environment           hibernate.properties not found
[21/13:03:41:661] INFO   Environment           Bytecode provider name : cglib
[21/13:03:41:673] INFO   Environment           using JDK 1.4 java.sql.Timestamp handling
[21/13:03:41:857] INFO   Configuration         configuring from resource: /hibernate.cfg.xml
[21/13:03:41:859] INFO   Configuration         Configuration resource: /hibernate.cfg.xml
[21/13:03:42:066] INFO   Configuration         Reading mappings from resource : Document.hbm.xml
[21/13:03:42:427] INFO   HbmBinder             Mapping class: gov.hhs.fha.nhinc.repository.model.Document -> document
[21/13:03:42:528] INFO   Configuration         Reading mappings from resource : EventCode.hbm.xml
[21/13:03:42:674] INFO   HbmBinder             Mapping class: gov.hhs.fha.nhinc.repository.model.EventCode -> eventcode
[21/13:03:42:868] INFO   Configuration         Configured SessionFactory: null
[21/13:03:42:877] INFO   HbmBinder             Mapping collection: gov.hhs.fha.nhinc.repository.model.Document.eventCodes -> eventcode
[21/13:03:42:898] INFO   P0ConnectionProvider  C3P0 using driver: com.mysql.jdbc.Driver at URL: jdbc:mysql://localhost/docrepository
[21/13:03:42:899] INFO   P0ConnectionProvider  Connection properties: {user=nhincuser, password=****}
[21/13:03:42:900] INFO   P0ConnectionProvider  autocommit mode: false
[21/13:03:42:917] WARN   P0ConnectionProvider  Both hibernate-style property 'hibernate.c3p0.max_size' and c3p0-style property 'c3p0.max_size' have been set in hibernate.properties. Hibernate-style property 'hibernate.c3p0.max_size' will be used and c3p0-style property 'c3p0.max_size' will be ignored!
[21/13:03:42:918] WARN   P0ConnectionProvider  Both hibernate-style property 'hibernate.c3p0.min_size' and c3p0-style property 'c3p0.min_size' have been set in hibernate.properties. Hibernate-style property 'hibernate.c3p0.min_size' will be used and c3p0-style property 'c3p0.min_size' will be ignored!
[21/13:03:42:920] WARN   P0ConnectionProvider  Both hibernate-style property 'hibernate.c3p0.timeout' and c3p0-style property 'c3p0.timeout' have been set in hibernate.properties. Hibernate-style property 'hibernate.c3p0.timeout' will be used and c3p0-style property 'c3p0.timeout' will be ignored!
[21/13:03:42:921] WARN   P0ConnectionProvider  Both hibernate-style property 'hibernate.c3p0.acquireRetryAttempts' and c3p0-style property 'c3p0.acquireRetryAttempts' have been set in hibernate.properties. Hibernate-style property 'hibernate.c3p0.acquireRetryAttempts' will be used and c3p0-style property 'c3p0.acquireRetryAttempts' will be ignored!
[21/13:03:42:922] WARN   P0ConnectionProvider  Both hibernate-style property 'hibernate.c3p0.idle_test_period' and c3p0-style property 'c3p0.idle_test_period' have been set in hibernate.properties. Hibernate-style property 'hibernate.c3p0.idle_test_period' will be used and c3p0-style property 'c3p0.idle_test_period' will be ignored!
[21/13:03:42:924] WARN   P0ConnectionProvider  Both hibernate-style property 'hibernate.c3p0.acquire_increment' and c3p0-style property 'c3p0.acquire_increment' have been set in hibernate.properties. Hibernate-style property 'hibernate.c3p0.acquire_increment' will be used and c3p0-style property 'c3p0.acquire_increment' will be ignored!
[21/13:03:42:925] WARN   P0ConnectionProvider  Both hibernate-style property 'hibernate.c3p0.max_statements' and c3p0-style property 'c3p0.max_statements' have been set in hibernate.properties. Hibernate-style property 'hibernate.c3p0.max_statements' will be used and c3p0-style property 'c3p0.max_statements' will be ignored!
[21/13:03:42:983] INFO   MLog                  MLog clients using log4j logging.
[21/13:03:43:802] INFO   C3P0Registry          Initializing c3p0-0.9.1.2 [built 21-May-2007 15:04:56; debug? true; trace: 10]
[21/13:03:44:241] INFO   PoolBackedDataSource  Initializing c3p0 pool... com.mchange.v2.c3p0.PoolBackedDataSource@dffa0444 [ connectionPoolDataSource -> com.mchange.v2.c3p0.WrapperConnectionPoolDataSource@314517cc [ acquireIncrement -> 1, acquireRetryAttempts -> 4, acquireRetryDelay -> 1000, autoCommitOnClose -> false, automaticTestTable -> null, breakAfterAcquireFailure -> false, checkoutTimeout -> 0, connectionCustomizerClassName -> null, connectionTesterClassName -> com.mchange.v2.c3p0.impl.DefaultConnectionTester, debugUnreturnedConnectionStackTraces -> false, factoryClassLocation -> null, forceIgnoreUnresolvedTransactions -> false, identityToken -> 1hge13t81rwfv4d9in65u|324b85, idleConnectionTestPeriod -> 100, initialPoolSize -> 3, maxAdministrativeTaskTime -> 0, maxConnectionAge -> 0, maxIdleTime -> 100, maxIdleTimeExcessConnections -> 0, maxPoolSize -> 100, maxStatements -> 0, maxStatementsPerConnection -> 0, minPoolSize -> 3, nestedDataSource -> com.mchange.v2.c3p0.DriverManagerDataSource@2a1b56ec [ description -> null, driverClass -> null, factoryClassLocation -> null, identityToken -> 1hge13t81rwfv4d9in65u|788b76, jdbcUrl -> jdbc:mysql://localhost/docrepository, properties -> {user=******, password=******} ], preferredTestQuery -> null, propertyCycle -> 0, testConnectionOnCheckin -> false, testConnectionOnCheckout -> false, unreturnedConnectionTimeout -> 0, usesTraditionalReflectiveProxies -> false; userOverrides: {} ], dataSourceName -> null, factoryClassLocation -> null, identityToken -> 1hge13t81rwfv4d9in65u|ae00e3, numHelperThreads -> 3 ]
[21/13:03:44:847] INFO   SettingsFactory       RDBMS: MySQL, version: 5.0.51b-community-nt
[21/13:03:44:848] INFO   SettingsFactory       JDBC driver: MySQL-AB JDBC Driver, version: mysql-connector-java-5.0.8 ( Revision: ${svn.Revision} )
[21/13:03:44:898] INFO   Dialect               Using dialect: org.hibernate.dialect.MySQLDialect
[21/13:03:44:914] INFO   actionFactoryFactory  Using default transaction strategy (direct JDBC transactions)
[21/13:03:44:921] INFO   ManagerLookupFactory  No TransactionManagerLookup configured (in JTA environment, use of read-write or transactional second-level cache is not recommended)
[21/13:03:44:922] INFO   SettingsFactory       Automatic flush during beforeCompletion(): disabled
[21/13:03:44:923] INFO   SettingsFactory       Automatic session close at end of transaction: disabled
[21/13:03:44:923] INFO   SettingsFactory       JDBC batch size: 15
[21/13:03:44:924] INFO   SettingsFactory       JDBC batch updates for versioned data: disabled
[21/13:03:44:927] INFO   SettingsFactory       Scrollable result sets: enabled
[21/13:03:44:928] INFO   SettingsFactory       JDBC3 getGeneratedKeys(): enabled
[21/13:03:44:929] INFO   SettingsFactory       Connection release mode: auto
[21/13:03:44:931] INFO   SettingsFactory       Maximum outer join fetch depth: 2
[21/13:03:44:932] INFO   SettingsFactory       Default batch fetch size: 1
[21/13:03:44:933] INFO   SettingsFactory       Generate SQL with comments: disabled
[21/13:03:44:934] INFO   SettingsFactory       Order SQL updates by primary key: disabled
[21/13:03:44:936] INFO   SettingsFactory       Order SQL inserts for batching: disabled
[21/13:03:44:937] INFO   SettingsFactory       Query translator: org.hibernate.hql.ast.ASTQueryTranslatorFactory
[21/13:03:44:951] INFO   eryTranslatorFactory  Using ASTQueryTranslatorFactory
[21/13:03:44:952] INFO   SettingsFactory       Query language substitutions: {}
[21/13:03:44:952] INFO   SettingsFactory       JPA-QL strict compliance: disabled
[21/13:03:44:953] INFO   SettingsFactory       Second-level cache: enabled
[21/13:03:44:954] INFO   SettingsFactory       Query cache: disabled
[21/13:03:44:954] INFO   SettingsFactory       Cache provider: org.hibernate.cache.NoCacheProvider
[21/13:03:44:955] INFO   SettingsFactory       Optimize cache for minimal puts: disabled
[21/13:03:44:956] INFO   SettingsFactory       Structured second-level cache entries: disabled
[21/13:03:44:975] INFO   SettingsFactory       Echoing all SQL to stdout
[21/13:03:44:976] INFO   SettingsFactory       Statistics: disabled
[21/13:03:44:977] INFO   SettingsFactory       Deleted entity synthetic identifier rollback: disabled
[21/13:03:44:978] INFO   SettingsFactory       Default entity-mode: pojo
[21/13:03:44:978] INFO   SettingsFactory       Named query checking : enabled
[21/13:03:45:072] INFO   SessionFactoryImpl    building session factory
[21/13:03:46:468] INFO   FactoryObjectFactory  Not binding factory to JNDI, no JNDI name configured
Hibernate: select this_.documentid as documentid0_0_, this_.DocumentUniqueId as Document2_0_0_, this_.DocumentTitle as Document3_0_0_, this_.authorPerson as authorPe4_0_0_, this_.authorInstitution as authorIn5_0_0_, this_.authorRole as authorRole0_0_, this_.authorSpecialty as authorSp7_0_0_, this_.AvailabilityStatus as Availabi8_0_0_, this_.ClassCode as ClassCode0_0_, this_.ClassCodeScheme as ClassCo10_0_0_, this_.ClassCodeDisplayName as ClassCo11_0_0_, this_.ConfidentialityCode as Confide12_0_0_, this_.ConfidentialityCodeScheme as Confide13_0_0_, this_.ConfidentialityCodeDisplayName as Confide14_0_0_, this_.CreationTime as Creatio15_0_0_, this_.FormatCode as FormatCode0_0_, this_.FormatCodeScheme as FormatC17_0_0_, this_.FormatCodeDisplayName as FormatC18_0_0_, this_.PatientId as PatientId0_0_, this_.ServiceStartTime as Service20_0_0_, this_.ServiceStopTime as Service21_0_0_, this_.Status as Status0_0_, this_.Comments as Comments0_0_, this_.Hash as Hash0_0_, this_.FacilityCode as Facilit25_0_0_, this_.FacilityCodeScheme as Facilit26_0_0_, this_.FacilityCodeDisplayName as Facilit27_0_0_, this_.IntendedRecipientPerson as Intende28_0_0_, this_.IntendedRecipientOrganization as Intende29_0_0_, this_.LanguageCode as Languag30_0_0_, this_.LegalAuthenticator as LegalAu31_0_0_, this_.MimeType as MimeType0_0_, this_.ParentDocumentId as ParentD33_0_0_, this_.ParentDocumentRelationship as ParentD34_0_0_, this_.PracticeSetting as Practic35_0_0_, this_.PracticeSettingScheme as Practic36_0_0_, this_.PracticeSettingDisplayName as Practic37_0_0_, this_.Size as Size0_0_, this_.SourcePatientId as SourceP39_0_0_, this_.Pid3 as Pid40_0_0_, this_.Pid5 as Pid41_0_0_, this_.Pid7 as Pid42_0_0_, this_.Pid8 as Pid43_0_0_, this_.Pid11 as Pid44_0_0_, this_.TypeCode as TypeCode0_0_, this_.TypeCodeScheme as TypeCod46_0_0_, this_.TypeCodeDisplayName as TypeCod47_0_0_, this_.DocumentUri as Documen48_0_0_, this_.RawData as RawData0_0_, this_.Persistent as Persistent0_0_ from document this_ where this_.PatientId=? and this_.ClassCode in (?)
Hibernate: select eventcodes0_.documentid as documentid1_, eventcodes0_.eventcodeid as eventcod1_1_, eventcodes0_.eventcodeid as eventcod1_1_0_, eventcodes0_.documentid as documentid1_0_, eventcodes0_.EventCode as EventCode1_0_, eventcodes0_.EventCodeScheme as EventCod4_1_0_, eventcodes0_.EventCodeDisplayName as EventCod5_1_0_ from eventcode eventcodes0_ where eventcodes0_.documentid=?
End retrievePtConsentByPtId
Begin storePtConsent
Hibernate: select this_.documentid as documentid0_0_, this_.DocumentUniqueId as Document2_0_0_, this_.DocumentTitle as Document3_0_0_, this_.authorPerson as authorPe4_0_0_, this_.authorInstitution as authorIn5_0_0_, this_.authorRole as authorRole0_0_, this_.authorSpecialty as authorSp7_0_0_, this_.AvailabilityStatus as Availabi8_0_0_, this_.ClassCode as ClassCode0_0_, this_.ClassCodeScheme as ClassCo10_0_0_, this_.ClassCodeDisplayName as ClassCo11_0_0_, this_.ConfidentialityCode as Confide12_0_0_, this_.ConfidentialityCodeScheme as Confide13_0_0_, this_.ConfidentialityCodeDisplayName as Confide14_0_0_, this_.CreationTime as Creatio15_0_0_, this_.FormatCode as FormatCode0_0_, this_.FormatCodeScheme as FormatC17_0_0_, this_.FormatCodeDisplayName as FormatC18_0_0_, this_.PatientId as PatientId0_0_, this_.ServiceStartTime as Service20_0_0_, this_.ServiceStopTime as Service21_0_0_, this_.Status as Status0_0_, this_.Comments as Comments0_0_, this_.Hash as Hash0_0_, this_.FacilityCode as Facilit25_0_0_, this_.FacilityCodeScheme as Facilit26_0_0_, this_.FacilityCodeDisplayName as Facilit27_0_0_, this_.IntendedRecipientPerson as Intende28_0_0_, this_.IntendedRecipientOrganization as Intende29_0_0_, this_.LanguageCode as Languag30_0_0_, this_.LegalAuthenticator as LegalAu31_0_0_, this_.MimeType as MimeType0_0_, this_.ParentDocumentId as ParentD33_0_0_, this_.ParentDocumentRelationship as ParentD34_0_0_, this_.PracticeSetting as Practic35_0_0_, this_.PracticeSettingScheme as Practic36_0_0_, this_.PracticeSettingDisplayName as Practic37_0_0_, this_.Size as Size0_0_, this_.SourcePatientId as SourceP39_0_0_, this_.Pid3 as Pid40_0_0_, this_.Pid5 as Pid41_0_0_, this_.Pid7 as Pid42_0_0_, this_.Pid8 as Pid43_0_0_, this_.Pid11 as Pid44_0_0_, this_.TypeCode as TypeCode0_0_, this_.TypeCodeScheme as TypeCod46_0_0_, this_.TypeCodeDisplayName as TypeCod47_0_0_, this_.DocumentUri as Documen48_0_0_, this_.RawData as RawData0_0_, this_.Persistent as Persistent0_0_ from document this_ where this_.PatientId=? and this_.ClassCode in (?)
Hibernate: select eventcodes0_.documentid as documentid1_, eventcodes0_.eventcodeid as eventcod1_1_, eventcodes0_.eventcodeid as eventcod1_1_0_, eventcodes0_.documentid as documentid1_0_, eventcodes0_.EventCode as EventCode1_0_, eventcodes0_.EventCodeScheme as EventCod4_1_0_, eventcodes0_.EventCodeDisplayName as EventCod5_1_0_ from eventcode eventcodes0_ where eventcodes0_.documentid=?
Hibernate: select document0_.documentid as documentid0_0_, document0_.DocumentUniqueId as Document2_0_0_, document0_.DocumentTitle as Document3_0_0_, document0_.authorPerson as authorPe4_0_0_, document0_.authorInstitution as authorIn5_0_0_, document0_.authorRole as authorRole0_0_, document0_.authorSpecialty as authorSp7_0_0_, document0_.AvailabilityStatus as Availabi8_0_0_, document0_.ClassCode as ClassCode0_0_, document0_.ClassCodeScheme as ClassCo10_0_0_, document0_.ClassCodeDisplayName as ClassCo11_0_0_, document0_.ConfidentialityCode as Confide12_0_0_, document0_.ConfidentialityCodeScheme as Confide13_0_0_, document0_.ConfidentialityCodeDisplayName as Confide14_0_0_, document0_.CreationTime as Creatio15_0_0_, document0_.FormatCode as FormatCode0_0_, document0_.FormatCodeScheme as FormatC17_0_0_, document0_.FormatCodeDisplayName as FormatC18_0_0_, document0_.PatientId as PatientId0_0_, document0_.ServiceStartTime as Service20_0_0_, document0_.ServiceStopTime as Service21_0_0_, document0_.Status as Status0_0_, document0_.Comments as Comments0_0_, document0_.Hash as Hash0_0_, document0_.FacilityCode as Facilit25_0_0_, document0_.FacilityCodeScheme as Facilit26_0_0_, document0_.FacilityCodeDisplayName as Facilit27_0_0_, document0_.IntendedRecipientPerson as Intende28_0_0_, document0_.IntendedRecipientOrganization as Intende29_0_0_, document0_.LanguageCode as Languag30_0_0_, document0_.LegalAuthenticator as LegalAu31_0_0_, document0_.MimeType as MimeType0_0_, document0_.ParentDocumentId as ParentD33_0_0_, document0_.ParentDocumentRelationship as ParentD34_0_0_, document0_.PracticeSetting as Practic35_0_0_, document0_.PracticeSettingScheme as Practic36_0_0_, document0_.PracticeSettingDisplayName as Practic37_0_0_, document0_.Size as Size0_0_, document0_.SourcePatientId as SourceP39_0_0_, document0_.Pid3 as Pid40_0_0_, document0_.Pid5 as Pid41_0_0_, document0_.Pid7 as Pid42_0_0_, document0_.Pid8 as Pid43_0_0_, document0_.Pid11 as Pid44_0_0_, document0_.TypeCode as TypeCode0_0_, document0_.TypeCodeScheme as TypeCod46_0_0_, document0_.TypeCodeDisplayName as TypeCod47_0_0_, document0_.DocumentUri as Documen48_0_0_, document0_.RawData as RawData0_0_, document0_.Persistent as Persistent0_0_ from document document0_ where document0_.documentid=?
Hibernate: select eventcodes0_.documentid as documentid1_, eventcodes0_.eventcodeid as eventcod1_1_, eventcodes0_.eventcodeid as eventcod1_1_0_, eventcodes0_.documentid as documentid1_0_, eventcodes0_.EventCode as EventCode1_0_, eventcodes0_.EventCodeScheme as EventCod4_1_0_, eventcodes0_.EventCodeDisplayName as EventCod5_1_0_ from eventcode eventcodes0_ where eventcodes0_.documentid=?
Hibernate: delete from eventcode where eventcodeid=?
[21/13:05:14:743] ERROR  DocumentService       Failed to create SHA-1 Hash code.  Error: gov/hhs/fha/nhinc/util/hash/SHA1HashCodeData Text: <?xml version="1.0" encoding="UTF-8" standalone="yes"?><ClinicalDocument classCode="DOCCLIN" xmlns="urn:hl7-org:v3"><typeId extension="POCD_HD000040" root="2.16.840.1.113883.1.3"/><templateId root="1.3.6.1.4.1.19376.1.5.3.1.1.1"/><templateId root="1.3.6.1.4.1.19376.1.5.3.1.1.7"/><id extension="" root=""/><code displayName="" codeSystemName="LOINC" codeSystem="2.16.840.1.113883.6.1" code=""/><title xmlns="" xmlns:ns2="urn:hl7-org:v3">Consent to Share Information</title><effectiveTime value="20090521051305-0600"/><confidentialityCode displayName="Normal" codeSystemName="Confidentiality" codeSystem="2.16.840.1.113883.5.25" code="N"/><languageCode code="en-US"/><documentationOf typeCode="DOC"><serviceEvent moodCode="EVN" classCode="ACT"><templateId root="1.3.6.1.4.1.19376.1.5.3.1.2.6"/><id root=""/><code displayName="Consent Given for Upload to National Shared Electronic Record" codeSystemName="SNOMED CT" codeSystem="2.16.840.1.113883.6.96" code="417370002"/><effectiveTime><low value="20090521051305-0600"/></effectiveTime></serviceEvent></documentationOf><component><structuredBody><component><section><code displayName="Consent Given for Upload to National Shared Electronic Record" codeSystemName="SNOMED CT" codeSystem="2.16.840.1.113883.6.96" code="417370002"/><title xmlns="" xmlns:ns2="urn:hl7-org:v3">Consent Given for Upload to National Shared Electronic Record</title><text xmlns="" xmlns:ns2="urn:hl7-org:v3">Consent Given for Upload to National Shared Electronic Record</text><entry><act moodCode="EVN" classCode="ACT"><code xsi:type="CE" displayName="Consent Given for Upload to National Shared Electronic Record" codeSystemName="SNOMED CT" codeSystem="2.16.840.1.113883.6.96" code="417370002" xmlns:xsi="http://www.w3.org/2001/XMLSchema-instance"/></act></entry></section></component></structuredBody></component></ClinicalDocument>
java.lang.NoClassDefFoundError: gov/hhs/fha/nhinc/util/hash/SHA1HashCode
	at gov.hhs.fha.nhinc.repository.service.DocumentService.saveDocument(DocumentService.java:81)
	at gov.hhs.fha.nhinc.policyengine.adapterpip.PatientConsentManager.storeCPPToRepository(PatientConsentManager.java:553)
	at gov.hhs.fha.nhinc.policyengine.adapterpip.PatientConsentManager.storePatientConsent(PatientConsentManager.java:610)
	at gov.hhs.fha.nhinc.policyengine.adapterpip.AdapterPIPImpl.storePtConsent(AdapterPIPImpl.java:92)
	at gov.hhs.fha.nhinc.policyengine.adapterpip.AdapterPIPImplTest.testStorePtConsent(AdapterPIPImplTest.java:113)
	at sun.reflect.NativeMethodAccessorImpl.invoke0(Native Method)
	at sun.reflect.NativeMethodAccessorImpl.invoke(NativeMethodAccessorImpl.java:39)
	at sun.reflect.DelegatingMethodAccessorImpl.invoke(DelegatingMethodAccessorImpl.java:25)
	at java.lang.reflect.Method.invoke(Method.java:597)
	at org.junit.runners.model.FrameworkMethod$1.runReflectiveCall(FrameworkMethod.java:44)
	at org.junit.internal.runners.model.ReflectiveCallable.run(ReflectiveCallable.java:15)
	at org.junit.runners.model.FrameworkMethod.invokeExplosively(FrameworkMethod.java:41)
	at org.junit.internal.runners.statements.InvokeMethod.evaluate(InvokeMethod.java:20)
	at org.junit.internal.runners.statements.RunBefores.evaluate(RunBefores.java:28)
	at org.junit.internal.runners.statements.RunAfters.evaluate(RunAfters.java:31)
	at org.junit.runners.BlockJUnit4ClassRunner.runChild(BlockJUnit4ClassRunner.java:73)
	at org.junit.runners.BlockJUnit4ClassRunner.runChild(BlockJUnit4ClassRunner.java:46)
	at org.junit.runners.ParentRunner.runChildren(ParentRunner.java:180)
	at org.junit.runners.ParentRunner.access$000(ParentRunner.java:41)
	at org.junit.runners.ParentRunner$1.evaluate(ParentRunner.java:173)
	at org.junit.internal.runners.statements.RunBefores.evaluate(RunBefores.java:28)
	at org.junit.internal.runners.statements.RunAfters.evaluate(RunAfters.java:31)
	at org.junit.runners.ParentRunner.run(ParentRunner.java:220)
	at junit.framework.JUnit4TestAdapter.run(JUnit4TestAdapter.java:39)
	at org.apache.tools.ant.taskdefs.optional.junit.JUnitTestRunner.run(JUnitTestRunner.java:515)
	at org.apache.tools.ant.taskdefs.optional.junit.JUnitTestRunner.launch(JUnitTestRunner.java:1031)
	at org.apache.tools.ant.taskdefs.optional.junit.JUnitTestRunner.main(JUnitTestRunner.java:888)
Caused by: java.lang.ClassNotFoundException: gov.hhs.fha.nhinc.util.hash.SHA1HashCode
	at java.net.URLClassLoader$1.run(URLClassLoader.java:200)
	at java.security.AccessController.doPrivileged(Native Method)
	at java.net.URLClassLoader.findClass(URLClassLoader.java:188)
	at java.lang.ClassLoader.loadClass(ClassLoader.java:307)
	at sun.misc.Launcher$AppClassLoader.loadClass(Launcher.java:301)
	at java.lang.ClassLoader.loadClass(ClassLoader.java:252)
	at java.lang.ClassLoader.loadClassInternal(ClassLoader.java:320)
	... 27 more
Hibernate: select max(eventcodeid) from eventcode
Hibernate: insert into eventcode (documentid, EventCode, EventCodeScheme, EventCodeDisplayName, eventcodeid) values (?, ?, ?, ?, ?)
Hibernate: update document set DocumentUniqueId=?, DocumentTitle=?, authorPerson=?, authorInstitution=?, authorRole=?, authorSpecialty=?, AvailabilityStatus=?, ClassCode=?, ClassCodeScheme=?, ClassCodeDisplayName=?, ConfidentialityCode=?, ConfidentialityCodeScheme=?, ConfidentialityCodeDisplayName=?, CreationTime=?, FormatCode=?, FormatCodeScheme=?, FormatCodeDisplayName=?, PatientId=?, ServiceStartTime=?, ServiceStopTime=?, Status=?, Comments=?, Hash=?, FacilityCode=?, FacilityCodeScheme=?, FacilityCodeDisplayName=?, IntendedRecipientPerson=?, IntendedRecipientOrganization=?, LanguageCode=?, LegalAuthenticator=?, MimeType=?, ParentDocumentId=?, ParentDocumentRelationship=?, PracticeSetting=?, PracticeSettingScheme=?, PracticeSettingDisplayName=?, Size=?, SourcePatientId=?, Pid3=?, Pid5=?, Pid7=?, Pid8=?, Pid11=?, TypeCode=?, TypeCodeScheme=?, TypeCodeDisplayName=?, DocumentUri=?, RawData=?, Persistent=? where documentid=?
End storePtConsent
]]></system-out>
  <system-err><![CDATA[]]></system-err>
</testsuite>
